<?xml version="1.0" encoding="UTF-8"?>
<testsuite failures="0" errors="0" skipped="1" tests="1" time="0.000175" name="bazz">
<testcase classname="bazz" name="true is true" time="0.000175">
  <skipped/>
  <system-out>
    <![CDATA[]]>
  </system-out>
  <system-err>
    <![CDATA[]]>
  </system-err>
</testcase>
</testsuite>
